  main.cpp
D:\Renderer\MySoftRender\Math.h(133,18): warning C4305: 'initializing': truncation from 'double' to 'float'
D:\Renderer\MySoftRender\Texture.h(50,9): warning C4244: 'initializing': conversion from 'float' to 'int', possible loss of data
D:\Renderer\MySoftRender\Texture.h(51,9): warning C4244: 'initializing': conversion from 'float' to 'int', possible loss of data
D:\Renderer\MySoftRender\Shader.h(118,12): warning C4244: 'initializing': conversion from 'glm::vec<3,float,glm::packed_highp>::length_type' to 'float', possible loss of data
D:\Renderer\MySoftRender\FrameBuffer.h(37,19): warning C4244: '=': conversion from 'T' to 'unsigned char', possible loss of data
          with
          [
              T=float
          ]
D:\Renderer\MySoftRender\FrameBuffer.h(38,23): warning C4244: '=': conversion from 'T' to 'unsigned char', possible loss of data
          with
          [
              T=float
          ]
D:\Renderer\MySoftRender\FrameBuffer.h(39,23): warning C4244: '=': conversion from 'T' to 'unsigned char', possible loss of data
          with
          [
              T=float
          ]
D:\Renderer\MySoftRender\FrameBuffer.h(40,23): warning C4244: '=': conversion from 'T' to 'unsigned char', possible loss of data
          with
          [
              T=float
          ]
D:\Renderer\MySoftRender\FrameBuffer.h(64,31): warning C4244: '=': conversion from 'T' to '_Ty', possible loss of data
          with
          [
              T=float
          ]
          and
          [
              _Ty=unsigned char
          ]
D:\Renderer\MySoftRender\FrameBuffer.h(65,35): warning C4244: '=': conversion from 'T' to '_Ty', possible loss of data
          with
          [
              T=float
          ]
          and
          [
              _Ty=unsigned char
          ]
D:\Renderer\MySoftRender\FrameBuffer.h(66,35): warning C4244: '=': conversion from 'T' to '_Ty', possible loss of data
          with
          [
              T=float
          ]
          and
          [
              _Ty=unsigned char
          ]
D:\Renderer\MySoftRender\FrameBuffer.h(67,35): warning C4244: '=': conversion from 'T' to '_Ty', possible loss of data
          with
          [
              T=float
          ]
          and
          [
              _Ty=unsigned char
          ]
D:\Renderer\MySoftRender\Mesh.h(70,1): warning C4267: 'initializing': conversion from 'size_t' to 'int', possible loss of data
D:\Renderer\MySoftRender\Mesh.h(71,1): warning C4267: 'initializing': conversion from 'size_t' to 'int', possible loss of data
D:\Renderer\MySoftRender\Mesh.h(72,1): warning C4267: 'initializing': conversion from 'size_t' to 'int', possible loss of data
D:\Renderer\MySoftRender\Model.h(102,1): warning C4267: 'initializing': conversion from 'size_t' to 'int', possible loss of data
D:\Renderer\MySoftRender\Rasterizer.h(26,41): warning C4244: 'argument': conversion from 'const int' to 'float', possible loss of data
D:\Renderer\MySoftRender\Rasterizer.h(26,38): warning C4244: 'argument': conversion from 'const int' to 'float', possible loss of data
D:\Renderer\MySoftRender\Rasterizer.h(81,1): warning C4267: 'initializing': conversion from 'size_t' to 'int', possible loss of data
D:\Renderer\MySoftRender\Rasterizer.h(172,37): warning C4244: '=': conversion from 'double' to 'T', possible loss of data
          with
          [
              T=float
          ]
D:\Renderer\MySoftRender\Rasterizer.h(223,1): warning C4267: 'initializing': conversion from 'size_t' to 'int', possible loss of data
D:\Renderer\MySoftRender\Rasterizer.h(242,1): warning C4267: 'initializing': conversion from 'size_t' to 'int', possible loss of data
D:\Renderer\MySoftRender\Rasterizer.h(299,14): warning C4244: 'initializing': conversion from 'const T' to 'int', possible loss of data
          with
          [
              T=float
          ]
D:\Renderer\MySoftRender\Rasterizer.h(306,40): warning C4244: '=': conversion from 'int' to 'T', possible loss of data
          with
          [
              T=float
          ]
D:\Renderer\MySoftRender\Rasterizer.h(307,43): warning C4244: '=': conversion from 'int' to 'T', possible loss of data
          with
          [
              T=float
          ]
D:\Renderer\MySoftRender\Rasterizer.h(309,41): warning C4244: '=': conversion from 'int' to 'T', possible loss of data
          with
          [
              T=float
          ]
D:\Renderer\MySoftRender\Rasterizer.h(319,14): warning C4244: 'initializing': conversion from 'const T' to 'int', possible loss of data
          with
          [
              T=float
          ]
D:\Renderer\MySoftRender\Rasterizer.h(326,40): warning C4244: '=': conversion from 'int' to 'T', possible loss of data
          with
          [
              T=float
          ]
D:\Renderer\MySoftRender\Rasterizer.h(327,43): warning C4244: '=': conversion from 'int' to 'T', possible loss of data
          with
          [
              T=float
          ]
D:\Renderer\MySoftRender\Rasterizer.h(329,41): warning C4244: '=': conversion from 'int' to 'T', possible loss of data
          with
          [
              T=float
          ]
D:\Renderer\MySoftRender\Rasterizer.h(350,64): warning C4244: 'argument': conversion from 'T' to 'const int', possible loss of data
          with
          [
              T=float
          ]
D:\Renderer\MySoftRender\Rasterizer.h(350,49): warning C4244: 'argument': conversion from 'T' to 'const int', possible loss of data
          with
          [
              T=float
          ]
D:\Renderer\MySoftRender\Rasterizer.h(352,47): warning C4244: 'argument': conversion from 'T' to 'const int', possible loss of data
          with
          [
              T=float
          ]
D:\Renderer\MySoftRender\Rasterizer.h(352,32): warning C4244: 'argument': conversion from 'T' to 'const int', possible loss of data
          with
          [
              T=float
          ]
D:\Renderer\MySoftRender\Rasterizer.h(353,45): warning C4244: 'argument': conversion from 'T' to 'const int', possible loss of data
          with
          [
              T=float
          ]
D:\Renderer\MySoftRender\Rasterizer.h(353,30): warning C4244: 'argument': conversion from 'T' to 'const int', possible loss of data
          with
          [
              T=float
          ]
D:\Renderer\MySoftRender\Rasterizer.h(378,15): warning C4244: 'initializing': conversion from 'float' to 'int', possible loss of data
D:\Renderer\MySoftRender\Rasterizer.h(379,15): warning C4244: 'initializing': conversion from 'float' to 'int', possible loss of data
D:\Renderer\MySoftRender\Rasterizer.h(384,9): warning C4244: 'initializing': conversion from 'float' to 'int', possible loss of data
D:\Renderer\MySoftRender\Rasterizer.h(385,14): warning C4244: 'initializing': conversion from 'float' to 'int', possible loss of data
D:\Renderer\MySoftRender\Rasterizer.h(390,33): warning C4244: 'argument': conversion from 'T' to 'const int', possible loss of data
          with
          [
              T=float
          ]
D:\Renderer\MySoftRender\Rasterizer.h(390,24): warning C4244: 'argument': conversion from 'T' to 'const int', possible loss of data
          with
          [
              T=float
          ]
D:\Renderer\MySoftRender\Rasterizer.h(395,33): warning C4244: 'argument': conversion from 'T' to 'const int', possible loss of data
          with
          [
              T=float
          ]
D:\Renderer\MySoftRender\Rasterizer.h(395,24): warning C4244: 'argument': conversion from 'T' to 'const int', possible loss of data
          with
          [
              T=float
          ]
C:\Program Files (x86)\Windows Kits\10\Include\10.0.18362.0\shared\minwindef.h(130,1): warning C4005: 'APIENTRY': macro redefinition
D:\PATH\Include\glad\glad.h(32): message : see previous definition of 'APIENTRY'
D:\Renderer\MySoftRender\main.cpp(113,106): warning C4305: 'argument': truncation from 'double' to 'const float'
D:\Renderer\MySoftRender\main.cpp(219,98): warning C4305: 'argument': truncation from 'double' to 'const float'
  MySoftRender.vcxproj -> D:\Renderer\MySoftRender\x64\Debug\MySoftRender.exe
